C:\USERS\联想\DOCUMENTS\VISUAL STUDIO 2010\PROJECTS\LC2两数相加\DEBUG\LC2两数相加.EXE
C:\USERS\联想\DOCUMENTS\VISUAL STUDIO 2010\PROJECTS\LC2两数相加\DEBUG\LC2两数相加.ILK
C:\USERS\联想\DOCUMENTS\VISUAL STUDIO 2010\PROJECTS\LC2两数相加\DEBUG\LC2两数相加.PDB
c:\Users\联想\documents\visual studio 2010\Projects\LC2两数相加\LC2两数相加\Debug\cl.command.1.tlog
c:\Users\联想\documents\visual studio 2010\Projects\LC2两数相加\LC2两数相加\Debug\CL.read.1.tlog
c:\Users\联想\documents\visual studio 2010\Projects\LC2两数相加\LC2两数相加\Debug\CL.write.1.tlog
C:\USERS\联想\DOCUMENTS\VISUAL STUDIO 2010\PROJECTS\LC2两数相加\LC2两数相加\DEBUG\LC2两数相加.EXE.EMBED.MANIFEST
C:\USERS\联想\DOCUMENTS\VISUAL STUDIO 2010\PROJECTS\LC2两数相加\LC2两数相加\DEBUG\LC2两数相加.EXE.EMBED.MANIFEST.RES
C:\USERS\联想\DOCUMENTS\VISUAL STUDIO 2010\PROJECTS\LC2两数相加\LC2两数相加\DEBUG\LC2两数相加.EXE.INTERMEDIATE.MANIFEST
c:\Users\联想\documents\visual studio 2010\Projects\LC2两数相加\LC2两数相加\Debug\LC2两数相加.write.1.tlog
c:\Users\联想\documents\visual studio 2010\Projects\LC2两数相加\LC2两数相加\Debug\LC2两数相加_manifest.rc
c:\Users\联想\documents\visual studio 2010\Projects\LC2两数相加\LC2两数相加\Debug\link.25540.read.1.tlog
c:\Users\联想\documents\visual studio 2010\Projects\LC2两数相加\LC2两数相加\Debug\link.25540.write.1.tlog
c:\Users\联想\documents\visual studio 2010\Projects\LC2两数相加\LC2两数相加\Debug\link.25540-cvtres.read.1.tlog
c:\Users\联想\documents\visual studio 2010\Projects\LC2两数相加\LC2两数相加\Debug\link.25540-cvtres.write.1.tlog
c:\Users\联想\documents\visual studio 2010\Projects\LC2两数相加\LC2两数相加\Debug\link.command.1.tlog
c:\Users\联想\documents\visual studio 2010\Projects\LC2两数相加\LC2两数相加\Debug\link.read.1.tlog
c:\Users\联想\documents\visual studio 2010\Projects\LC2两数相加\LC2两数相加\Debug\link.write.1.tlog
c:\Users\联想\documents\visual studio 2010\Projects\LC2两数相加\LC2两数相加\Debug\link-cvtres.read.1.tlog
c:\Users\联想\documents\visual studio 2010\Projects\LC2两数相加\LC2两数相加\Debug\link-cvtres.write.1.tlog
C:\USERS\联想\DOCUMENTS\VISUAL STUDIO 2010\PROJECTS\LC2两数相加\LC2两数相加\DEBUG\LISTNODE.OBJ
c:\Users\联想\documents\visual studio 2010\Projects\LC2两数相加\LC2两数相加\Debug\mt.command.1.tlog
c:\Users\联想\documents\visual studio 2010\Projects\LC2两数相加\LC2两数相加\Debug\mt.read.1.tlog
c:\Users\联想\documents\visual studio 2010\Projects\LC2两数相加\LC2两数相加\Debug\mt.write.1.tlog
c:\Users\联想\documents\visual studio 2010\Projects\LC2两数相加\LC2两数相加\Debug\rc.command.1.tlog
c:\Users\联想\documents\visual studio 2010\Projects\LC2两数相加\LC2两数相加\Debug\rc.read.1.tlog
c:\Users\联想\documents\visual studio 2010\Projects\LC2两数相加\LC2两数相加\Debug\rc.write.1.tlog
c:\Users\联想\documents\visual studio 2010\Projects\LC2两数相加\LC2两数相加\Debug\vc100.idb
C:\USERS\联想\DOCUMENTS\VISUAL STUDIO 2010\PROJECTS\LC2两数相加\LC2两数相加\DEBUG\VC100.PDB
